2016-05-19 14:39:02,722 INFO supervisord started with pid 29195
2016-05-19 14:39:03,726 INFO spawned: 'celery_buildapi' with pid 29198
2016-05-19 14:39:03,728 INFO spawned: 'celery_pushlog' with pid 29199
2016-05-19 14:39:05,282 INFO exited: celery_pushlog (exit status 1; not expected)
2016-05-19 14:39:05,290 INFO exited: celery_buildapi (exit status 1; not expected)
2016-05-19 14:39:06,294 INFO spawned: 'celery_buildapi' with pid 29224
2016-05-19 14:39:06,296 INFO spawned: 'celery_pushlog' with pid 29225
2016-05-19 14:39:07,667 INFO exited: celery_buildapi (exit status 1; not expected)
2016-05-19 14:39:07,669 INFO exited: celery_pushlog (exit status 1; not expected)
2016-05-19 14:39:09,674 INFO spawned: 'celery_buildapi' with pid 29248
2016-05-19 14:39:09,676 INFO spawned: 'celery_pushlog' with pid 29249
2016-05-19 14:39:10,997 INFO exited: celery_buildapi (exit status 1; not expected)
2016-05-19 14:39:10,998 INFO exited: celery_pushlog (exit status 1; not expected)
2016-05-19 14:39:14,006 INFO spawned: 'celery_buildapi' with pid 29272
2016-05-19 14:39:14,008 INFO spawned: 'celery_pushlog' with pid 29273
2016-05-19 14:39:15,381 INFO exited: celery_buildapi (exit status 1; not expected)
2016-05-19 14:39:15,382 INFO gave up: celery_buildapi entered FATAL state, too many start retries too quickly
2016-05-19 14:39:15,383 INFO exited: celery_pushlog (exit status 1; not expected)
2016-05-19 14:39:16,383 INFO gave up: celery_pushlog entered FATAL state, too many start retries too quickly
2016-05-19 14:43:36,667 WARN received SIGINT indicating exit request
2016-05-19 14:47:19,263 INFO supervisord started with pid 29834
2016-05-19 14:47:20,268 INFO spawned: 'celery_buildapi' with pid 29837
2016-05-19 14:47:20,270 INFO spawned: 'celery_pushlog' with pid 29838
2016-05-19 14:47:30,292 INFO success: celery_buildapi entered RUNNING state, process has stayed up for > than 10 seconds (startsecs)
2016-05-19 14:47:30,292 INFO success: celery_pushlog entered RUNNING state, process has stayed up for > than 10 seconds (startsecs)
2016-05-19 15:32:55,830 WARN received SIGINT indicating exit request
2016-05-19 15:32:55,831 INFO waiting for celery_buildapi, celery_pushlog to die
2016-05-19 15:32:57,402 INFO stopped: celery_pushlog (exit status 0)
2016-05-19 15:32:58,968 INFO waiting for celery_buildapi to die
2016-05-19 15:32:58,969 INFO stopped: celery_buildapi (exit status 0)
